2023-07-22 22:27:46 [background-preinit] INFO  o.h.validator.internal.util.Version - HV000001: Hibernate Validator 6.1.5.Final
2023-07-22 22:27:47 [main] INFO  c.m.demo.config.server.ConfigServer - No active profile set, falling back to default profiles: default
2023-07-22 22:27:49 [main] INFO  o.s.cloud.context.scope.GenericScope - BeanFactory id=2a519873-3bf9-3410-9240-bed5bf7485b8
2023-07-22 22:27:49 [main] INFO  o.s.b.w.e.tomcat.TomcatWebServer - Tomcat initialized with port(s): 8888 (http)
2023-07-22 22:27:49 [main] INFO  o.a.coyote.http11.Http11NioProtocol - Initializing ProtocolHandler ["http-nio-8888"]
2023-07-22 22:27:49 [main] INFO  o.a.catalina.core.StandardService - Starting service [Tomcat]
2023-07-22 22:27:49 [main] INFO  o.a.catalina.core.StandardEngine - Starting Servlet engine: [Apache Tomcat/9.0.38]
2023-07-22 22:27:49 [main] INFO  o.a.c.c.C.[Tomcat].[localhost].[/] - Initializing Spring embedded WebApplicationContext
2023-07-22 22:27:49 [main] INFO  o.s.b.w.s.c.ServletWebServerApplicationContext - Root WebApplicationContext: initialization completed in 2215 ms
2023-07-22 22:27:50 [main] INFO  o.s.s.c.ThreadPoolTaskExecutor - Initializing ExecutorService 'applicationTaskExecutor'
2023-07-22 22:27:53 [main] INFO  o.s.s.web.DefaultSecurityFilterChain - Creating filter chain: Ant [pattern='/actuator/**'], []
2023-07-22 22:27:53 [main] INFO  o.s.s.web.DefaultSecurityFilterChain - Creating filter chain: Ant [pattern='/encrypt/**'], []
2023-07-22 22:27:53 [main] INFO  o.s.s.web.DefaultSecurityFilterChain - Creating filter chain: Ant [pattern='/decrypt/**'], []
2023-07-22 22:27:53 [main] INFO  o.s.s.web.DefaultSecurityFilterChain - Creating filter chain: any request, [org.springframework.security.web.context.request.async.WebAsyncManagerIntegrationFilter@1aee6d14, org.springframework.security.web.context.SecurityContextPersistenceFilter@11309dd4, org.springframework.security.web.header.HeaderWriterFilter@37364634, org.springframework.security.web.csrf.CsrfFilter@7544260a, org.springframework.security.web.authentication.logout.LogoutFilter@69c1ea07, org.springframework.security.web.authentication.UsernamePasswordAuthenticationFilter@ca10069, org.springframework.security.web.authentication.ui.DefaultLoginPageGeneratingFilter@57839834, org.springframework.security.web.authentication.ui.DefaultLogoutPageGeneratingFilter@54a6ef6, org.springframework.security.web.authentication.www.BasicAuthenticationFilter@2ca1e49a, org.springframework.security.web.savedrequest.RequestCacheAwareFilter@2bd4780c, org.springframework.security.web.servletapi.SecurityContextHolderAwareRequestFilter@34bddf43, org.springframework.security.web.authentication.AnonymousAuthenticationFilter@5c740c5a, org.springframework.security.web.session.SessionManagementFilter@5bf7f15f, org.springframework.security.web.access.ExceptionTranslationFilter@33eab2e8, org.springframework.security.web.access.intercept.FilterSecurityInterceptor@539ee811]
2023-07-22 22:27:53 [main] INFO  o.s.b.a.e.web.EndpointLinksResolver - Exposing 2 endpoint(s) beneath base path '/actuator'
2023-07-22 22:27:53 [main] INFO  o.a.coyote.http11.Http11NioProtocol - Starting ProtocolHandler ["http-nio-8888"]
2023-07-22 22:27:53 [main] INFO  o.s.b.w.e.tomcat.TomcatWebServer - Tomcat started on port(s): 8888 (http) with context path ''
2023-07-22 22:27:53 [main] INFO  c.m.demo.config.server.ConfigServer - Started ConfigServer in 8.964 seconds (JVM running for 11.083)
2023-07-22 22:28:20 [http-nio-8888-exec-2] INFO  o.a.c.c.C.[Tomcat].[localhost].[/] - Initializing Spring DispatcherServlet 'dispatcherServlet'
2023-07-22 22:28:20 [http-nio-8888-exec-2] INFO  o.s.web.servlet.DispatcherServlet - Initializing Servlet 'dispatcherServlet'
2023-07-22 22:28:20 [http-nio-8888-exec-2] INFO  o.s.web.servlet.DispatcherServlet - Completed initialization in 17 ms
2023-07-22 22:31:56 [background-preinit] INFO  o.h.validator.internal.util.Version - HV000001: Hibernate Validator 6.1.5.Final
2023-07-22 22:31:58 [main] INFO  c.m.demo.config.server.ConfigServer - No active profile set, falling back to default profiles: default
2023-07-22 22:32:01 [main] INFO  o.s.cloud.context.scope.GenericScope - BeanFactory id=2a519873-3bf9-3410-9240-bed5bf7485b8
2023-07-22 22:32:02 [main] INFO  o.s.b.w.e.tomcat.TomcatWebServer - Tomcat initialized with port(s): 8888 (http)
2023-07-22 22:32:02 [main] INFO  o.a.coyote.http11.Http11NioProtocol - Initializing ProtocolHandler ["http-nio-8888"]
2023-07-22 22:32:02 [main] INFO  o.a.catalina.core.StandardService - Starting service [Tomcat]
2023-07-22 22:32:02 [main] INFO  o.a.catalina.core.StandardEngine - Starting Servlet engine: [Apache Tomcat/9.0.38]
2023-07-22 22:32:02 [main] INFO  o.a.c.c.C.[Tomcat].[localhost].[/] - Initializing Spring embedded WebApplicationContext
2023-07-22 22:32:02 [main] INFO  o.s.b.w.s.c.ServletWebServerApplicationContext - Root WebApplicationContext: initialization completed in 3198 ms
2023-07-22 22:32:03 [main] INFO  o.s.s.c.ThreadPoolTaskExecutor - Initializing ExecutorService 'applicationTaskExecutor'
2023-07-22 22:32:06 [main] INFO  o.s.s.web.DefaultSecurityFilterChain - Creating filter chain: Ant [pattern='/actuator/**'], []
2023-07-22 22:32:06 [main] INFO  o.s.s.web.DefaultSecurityFilterChain - Creating filter chain: Ant [pattern='/encrypt/**'], []
2023-07-22 22:32:06 [main] INFO  o.s.s.web.DefaultSecurityFilterChain - Creating filter chain: Ant [pattern='/decrypt/**'], []
2023-07-22 22:32:06 [main] INFO  o.s.s.web.DefaultSecurityFilterChain - Creating filter chain: any request, [org.springframework.security.web.context.request.async.WebAsyncManagerIntegrationFilter@56b751b1, org.springframework.security.web.context.SecurityContextPersistenceFilter@103e7c7c, org.springframework.security.web.header.HeaderWriterFilter@2c154508, org.springframework.security.web.csrf.CsrfFilter@2a6dbb7c, org.springframework.security.web.authentication.logout.LogoutFilter@472719df, org.springframework.security.web.authentication.UsernamePasswordAuthenticationFilter@2168def, org.springframework.security.web.authentication.ui.DefaultLoginPageGeneratingFilter@b6136eb, org.springframework.security.web.authentication.ui.DefaultLogoutPageGeneratingFilter@2f61de04, org.springframework.security.web.authentication.www.BasicAuthenticationFilter@3c3cd13a, org.springframework.security.web.savedrequest.RequestCacheAwareFilter@8b1202a, org.springframework.security.web.servletapi.SecurityContextHolderAwareRequestFilter@2cff5aa3, org.springframework.security.web.authentication.AnonymousAuthenticationFilter@5f5a33ed, org.springframework.security.web.session.SessionManagementFilter@1e194966, org.springframework.security.web.access.ExceptionTranslationFilter@4f4d05b3, org.springframework.security.web.access.intercept.FilterSecurityInterceptor@3c89b864]
2023-07-22 22:32:06 [main] INFO  o.s.b.a.e.web.EndpointLinksResolver - Exposing 2 endpoint(s) beneath base path '/actuator'
2023-07-22 22:32:06 [main] INFO  o.a.coyote.http11.Http11NioProtocol - Starting ProtocolHandler ["http-nio-8888"]
2023-07-22 22:32:06 [main] INFO  o.s.b.w.e.tomcat.TomcatWebServer - Tomcat started on port(s): 8888 (http) with context path ''
2023-07-22 22:32:06 [main] INFO  c.m.demo.config.server.ConfigServer - Started ConfigServer in 10.914 seconds (JVM running for 13.698)
2023-07-22 22:32:13 [http-nio-8888-exec-2] INFO  o.a.c.c.C.[Tomcat].[localhost].[/] - Initializing Spring DispatcherServlet 'dispatcherServlet'
2023-07-22 22:32:13 [http-nio-8888-exec-2] INFO  o.s.web.servlet.DispatcherServlet - Initializing Servlet 'dispatcherServlet'
2023-07-22 22:32:13 [http-nio-8888-exec-2] INFO  o.s.web.servlet.DispatcherServlet - Completed initialization in 70 ms
2023-07-22 22:32:57 [background-preinit] INFO  o.h.validator.internal.util.Version - HV000001: Hibernate Validator 6.1.5.Final
2023-07-22 22:32:58 [main] INFO  c.m.demo.config.server.ConfigServer - No active profile set, falling back to default profiles: default
2023-07-22 22:33:00 [main] INFO  o.s.cloud.context.scope.GenericScope - BeanFactory id=2a519873-3bf9-3410-9240-bed5bf7485b8
2023-07-22 22:33:00 [main] INFO  o.s.b.w.e.tomcat.TomcatWebServer - Tomcat initialized with port(s): 8888 (http)
2023-07-22 22:33:00 [main] INFO  o.a.coyote.http11.Http11NioProtocol - Initializing ProtocolHandler ["http-nio-8888"]
2023-07-22 22:33:00 [main] INFO  o.a.catalina.core.StandardService - Starting service [Tomcat]
2023-07-22 22:33:00 [main] INFO  o.a.catalina.core.StandardEngine - Starting Servlet engine: [Apache Tomcat/9.0.38]
2023-07-22 22:33:00 [main] INFO  o.a.c.c.C.[Tomcat].[localhost].[/] - Initializing Spring embedded WebApplicationContext
2023-07-22 22:33:00 [main] INFO  o.s.b.w.s.c.ServletWebServerApplicationContext - Root WebApplicationContext: initialization completed in 2012 ms
2023-07-22 22:33:01 [main] INFO  o.s.s.c.ThreadPoolTaskExecutor - Initializing ExecutorService 'applicationTaskExecutor'
2023-07-22 22:33:04 [main] INFO  o.s.s.web.DefaultSecurityFilterChain - Creating filter chain: Ant [pattern='/actuator/**'], []
2023-07-22 22:33:04 [main] INFO  o.s.s.web.DefaultSecurityFilterChain - Creating filter chain: Ant [pattern='/encrypt/**'], []
2023-07-22 22:33:04 [main] INFO  o.s.s.web.DefaultSecurityFilterChain - Creating filter chain: Ant [pattern='/decrypt/**'], []
2023-07-22 22:33:04 [main] INFO  o.s.s.web.DefaultSecurityFilterChain - Creating filter chain: any request, [org.springframework.security.web.context.request.async.WebAsyncManagerIntegrationFilter@56b751b1, org.springframework.security.web.context.SecurityContextPersistenceFilter@103e7c7c, org.springframework.security.web.header.HeaderWriterFilter@2c154508, org.springframework.security.web.csrf.CsrfFilter@2a6dbb7c, org.springframework.security.web.authentication.logout.LogoutFilter@472719df, org.springframework.security.web.authentication.UsernamePasswordAuthenticationFilter@2168def, org.springframework.security.web.authentication.ui.DefaultLoginPageGeneratingFilter@b6136eb, org.springframework.security.web.authentication.ui.DefaultLogoutPageGeneratingFilter@2f61de04, org.springframework.security.web.authentication.www.BasicAuthenticationFilter@3c3cd13a, org.springframework.security.web.savedrequest.RequestCacheAwareFilter@8b1202a, org.springframework.security.web.servletapi.SecurityContextHolderAwareRequestFilter@2cff5aa3, org.springframework.security.web.authentication.AnonymousAuthenticationFilter@5f5a33ed, org.springframework.security.web.session.SessionManagementFilter@1e194966, org.springframework.security.web.access.ExceptionTranslationFilter@4f4d05b3, org.springframework.security.web.access.intercept.FilterSecurityInterceptor@3c89b864]
2023-07-22 22:33:04 [main] INFO  o.s.b.a.e.web.EndpointLinksResolver - Exposing 2 endpoint(s) beneath base path '/actuator'
2023-07-22 22:33:04 [main] INFO  o.a.coyote.http11.Http11NioProtocol - Starting ProtocolHandler ["http-nio-8888"]
2023-07-22 22:33:04 [main] INFO  o.s.b.w.e.tomcat.TomcatWebServer - Tomcat started on port(s): 8888 (http) with context path ''
2023-07-22 22:33:04 [main] INFO  c.m.demo.config.server.ConfigServer - Started ConfigServer in 8.334 seconds (JVM running for 10.05)
2023-07-22 22:33:09 [http-nio-8888-exec-2] INFO  o.a.c.c.C.[Tomcat].[localhost].[/] - Initializing Spring DispatcherServlet 'dispatcherServlet'
2023-07-22 22:33:09 [http-nio-8888-exec-2] INFO  o.s.web.servlet.DispatcherServlet - Initializing Servlet 'dispatcherServlet'
2023-07-22 22:33:09 [http-nio-8888-exec-2] INFO  o.s.web.servlet.DispatcherServlet - Completed initialization in 26 ms
2023-07-22 22:33:19 [SpringContextShutdownHook] INFO  o.s.s.c.ThreadPoolTaskExecutor - Shutting down ExecutorService 'applicationTaskExecutor'
2023-07-22 22:40:32 [background-preinit] INFO  o.h.validator.internal.util.Version - HV000001: Hibernate Validator 6.1.5.Final
2023-07-22 22:40:33 [main] INFO  c.m.demo.config.server.ConfigServer - No active profile set, falling back to default profiles: default
2023-07-22 22:40:34 [main] INFO  o.s.cloud.context.scope.GenericScope - BeanFactory id=2a519873-3bf9-3410-9240-bed5bf7485b8
2023-07-22 22:40:35 [main] INFO  o.s.b.w.e.tomcat.TomcatWebServer - Tomcat initialized with port(s): 8888 (http)
2023-07-22 22:40:35 [main] INFO  o.a.coyote.http11.Http11NioProtocol - Initializing ProtocolHandler ["http-nio-8888"]
2023-07-22 22:40:35 [main] INFO  o.a.catalina.core.StandardService - Starting service [Tomcat]
2023-07-22 22:40:35 [main] INFO  o.a.catalina.core.StandardEngine - Starting Servlet engine: [Apache Tomcat/9.0.38]
2023-07-22 22:40:35 [main] INFO  o.a.c.c.C.[Tomcat].[localhost].[/] - Initializing Spring embedded WebApplicationContext
2023-07-22 22:40:35 [main] INFO  o.s.b.w.s.c.ServletWebServerApplicationContext - Root WebApplicationContext: initialization completed in 1781 ms
2023-07-22 22:40:35 [main] INFO  o.s.s.c.ThreadPoolTaskExecutor - Initializing ExecutorService 'applicationTaskExecutor'
2023-07-22 22:40:38 [main] INFO  o.s.s.web.DefaultSecurityFilterChain - Creating filter chain: Ant [pattern='/actuator/**'], []
2023-07-22 22:40:38 [main] INFO  o.s.s.web.DefaultSecurityFilterChain - Creating filter chain: Ant [pattern='/encrypt/**'], []
2023-07-22 22:40:38 [main] INFO  o.s.s.web.DefaultSecurityFilterChain - Creating filter chain: Ant [pattern='/decrypt/**'], []
2023-07-22 22:40:38 [main] INFO  o.s.s.web.DefaultSecurityFilterChain - Creating filter chain: any request, [org.springframework.security.web.context.request.async.WebAsyncManagerIntegrationFilter@7fd2a67a, org.springframework.security.web.context.SecurityContextPersistenceFilter@2c154508, org.springframework.security.web.header.HeaderWriterFilter@14b26e90, org.springframework.security.web.csrf.CsrfFilter@5eee3da9, org.springframework.security.web.authentication.logout.LogoutFilter@e993715, org.springframework.security.web.authentication.UsernamePasswordAuthenticationFilter@3400d6fa, org.springframework.security.web.authentication.ui.DefaultLoginPageGeneratingFilter@68f9e807, org.springframework.security.web.authentication.ui.DefaultLogoutPageGeneratingFilter@163df259, org.springframework.security.web.authentication.www.BasicAuthenticationFilter@5c740c5a, org.springframework.security.web.savedrequest.RequestCacheAwareFilter@1e194966, org.springframework.security.web.servletapi.SecurityContextHolderAwareRequestFilter@32646ecf, org.springframework.security.web.authentication.AnonymousAuthenticationFilter@405603b6, org.springframework.security.web.session.SessionManagementFilter@4f4d05b3, org.springframework.security.web.access.ExceptionTranslationFilter@3dec79f8, org.springframework.security.web.access.intercept.FilterSecurityInterceptor@1e7cfd49]
2023-07-22 22:40:38 [main] INFO  o.s.b.a.e.web.EndpointLinksResolver - Exposing 2 endpoint(s) beneath base path '/actuator'
2023-07-22 22:40:38 [main] INFO  o.a.coyote.http11.Http11NioProtocol - Starting ProtocolHandler ["http-nio-8888"]
2023-07-22 22:40:38 [main] INFO  o.s.b.w.e.tomcat.TomcatWebServer - Tomcat started on port(s): 8888 (http) with context path ''
2023-07-22 22:40:39 [main] INFO  c.m.demo.config.server.ConfigServer - Started ConfigServer in 8.23 seconds (JVM running for 9.695)
2023-07-22 22:40:51 [http-nio-8888-exec-2] INFO  o.a.c.c.C.[Tomcat].[localhost].[/] - Initializing Spring DispatcherServlet 'dispatcherServlet'
2023-07-22 22:40:51 [http-nio-8888-exec-2] INFO  o.s.web.servlet.DispatcherServlet - Initializing Servlet 'dispatcherServlet'
2023-07-22 22:40:51 [http-nio-8888-exec-2] INFO  o.s.web.servlet.DispatcherServlet - Completed initialization in 17 ms
