2023-07-25 11:06:41 [main] INFO  o.s.c.c.c.ConfigServicePropertySourceLocator - Fetching config from server at : http://localhost:8888
2023-07-25 11:06:43 [main] INFO  o.s.c.c.c.ConfigServicePropertySourceLocator - Located environment: name=kafka-to-elastic-service,config-client, profiles=[kafka_to_elastic], label=null, version=e1117017408aed250a4820bf909271160f0845ce, state=null
2023-07-25 11:06:43 [main] INFO  o.s.c.b.c.PropertySourceBootstrapConfiguration - Located property source: [BootstrapPropertySource {name='bootstrapProperties-configClient'}, BootstrapPropertySource {name='bootstrapProperties-https://github.com/MingqingYun/spring-cloud-config-server-repository.git/config-client-kafka_to_elastic.yml'}, BootstrapPropertySource {name='bootstrapProperties-https://github.com/MingqingYun/spring-cloud-config-server-repository.git/config-client.yml'}]
2023-07-25 11:06:43 [main] INFO  c.m.d.k.t.e.s.KafkaToElasticServiceApplication - The following profiles are active: kafka_to_elastic
2023-07-25 11:06:44 [main] INFO  o.s.cloud.context.scope.GenericScope - BeanFactory id=6a32cbd9-0ef1-383a-9123-f798526eb3d2
2023-07-25 11:06:45 [main] INFO  o.s.c.s.PostProcessorRegistrationDelegate$BeanPostProcessorChecker - Bean 'org.springframework.retry.annotation.RetryConfiguration' of type [org.springframework.retry.annotation.RetryConfiguration$$EnhancerBySpringCGLIB$$5cda0f96] is not eligible for getting processed by all BeanPostProcessors (for example: not eligible for auto-proxying)
2023-07-25 11:06:45 [main] INFO  o.a.k.c.admin.AdminClientConfig - AdminClientConfig values: 
	bootstrap.servers = [localhost:19092, localhost:29092, localhost:39092]
	client.dns.lookup = default
	client.id = 
	connections.max.idle.ms = 300000
	default.api.timeout.ms = 60000
	metadata.max.age.ms = 300000
	metric.reporters = []
	metrics.num.samples = 2
	metrics.recording.level = INFO
	metrics.sample.window.ms = 30000
	receive.buffer.bytes = 65536
	reconnect.backoff.max.ms = 1000
	reconnect.backoff.ms = 50
	request.timeout.ms = 30000
	retries = 2147483647
	retry.backoff.ms = 100
	sasl.client.callback.handler.class = null
	sasl.jaas.config = null
	sasl.kerberos.kinit.cmd = /usr/bin/kinit
	sasl.kerberos.min.time.before.relogin = 60000
	sasl.kerberos.service.name = null
	sasl.kerberos.ticket.renew.jitter = 0.05
	sasl.kerberos.ticket.renew.window.factor = 0.8
	sasl.login.callback.handler.class = null
	sasl.login.class = null
	sasl.login.refresh.buffer.seconds = 300
	sasl.login.refresh.min.period.seconds = 60
	sasl.login.refresh.window.factor = 0.8
	sasl.login.refresh.window.jitter = 0.05
	sasl.mechanism = GSSAPI
	security.protocol = PLAINTEXT
	security.providers = null
	send.buffer.bytes = 131072
	ssl.cipher.suites = null
	ssl.enabled.protocols = [TLSv1.2]
	ssl.endpoint.identification.algorithm = https
	ssl.key.password = null
	ssl.keymanager.algorithm = SunX509
	ssl.keystore.location = null
	ssl.keystore.password = null
	ssl.keystore.type = JKS
	ssl.protocol = TLSv1.2
	ssl.provider = null
	ssl.secure.random.implementation = null
	ssl.trustmanager.algorithm = PKIX
	ssl.truststore.location = null
	ssl.truststore.password = null
	ssl.truststore.type = JKS

2023-07-25 11:06:45 [main] INFO  o.a.kafka.common.utils.AppInfoParser - Kafka version: 2.5.1
2023-07-25 11:06:45 [main] INFO  o.a.kafka.common.utils.AppInfoParser - Kafka commitId: 0efa8fb0f4c73d92
2023-07-25 11:06:45 [main] INFO  o.a.kafka.common.utils.AppInfoParser - Kafka startTimeMs: 1690308405788
2023-07-25 11:06:46 [main] INFO  o.s.b.a.s.r.ReactiveUserDetailsServiceAutoConfiguration - 

Using generated security password: 5ec33a27-2265-4479-bceb-e8ae3ddf5f6c

2023-07-25 11:06:47 [main] INFO  o.a.k.c.consumer.ConsumerConfig - ConsumerConfig values: 
	allow.auto.create.topics = true
	auto.commit.interval.ms = 5000
	auto.offset.reset = earliest
	bootstrap.servers = [localhost:19092, localhost:29092, localhost:39092]
	check.crcs = true
	client.dns.lookup = default
	client.id = 
	client.rack = 
	connections.max.idle.ms = 540000
	default.api.timeout.ms = 60000
	enable.auto.commit = false
	exclude.internal.topics = true
	fetch.max.bytes = 52428800
	fetch.max.wait.ms = 500
	fetch.min.bytes = 1
	group.id = twitterTopicListener
	group.instance.id = null
	heartbeat.interval.ms = 3000
	interceptor.classes = []
	internal.leave.group.on.close = true
	isolation.level = read_uncommitted
	key.deserializer = class org.apache.kafka.common.serialization.LongDeserializer
	max.partition.fetch.bytes = 1048576
	max.poll.interval.ms = 300000
	max.poll.records = 500
	metadata.max.age.ms = 300000
	metric.reporters = []
	metrics.num.samples = 2
	metrics.recording.level = INFO
	metrics.sample.window.ms = 30000
	partition.assignment.strategy = [class org.apache.kafka.clients.consumer.RangeAssignor]
	receive.buffer.bytes = 65536
	reconnect.backoff.max.ms = 1000
	reconnect.backoff.ms = 50
	request.timeout.ms = 30000
	retry.backoff.ms = 100
	sasl.client.callback.handler.class = null
	sasl.jaas.config = null
	sasl.kerberos.kinit.cmd = /usr/bin/kinit
	sasl.kerberos.min.time.before.relogin = 60000
	sasl.kerberos.service.name = null
	sasl.kerberos.ticket.renew.jitter = 0.05
	sasl.kerberos.ticket.renew.window.factor = 0.8
	sasl.login.callback.handler.class = null
	sasl.login.class = null
	sasl.login.refresh.buffer.seconds = 300
	sasl.login.refresh.min.period.seconds = 60
	sasl.login.refresh.window.factor = 0.8
	sasl.login.refresh.window.jitter = 0.05
	sasl.mechanism = GSSAPI
	security.protocol = PLAINTEXT
	security.providers = null
	send.buffer.bytes = 131072
	session.timeout.ms = 10000
	ssl.cipher.suites = null
	ssl.enabled.protocols = [TLSv1.2]
	ssl.endpoint.identification.algorithm = https
	ssl.key.password = null
	ssl.keymanager.algorithm = SunX509
	ssl.keystore.location = null
	ssl.keystore.password = null
	ssl.keystore.type = JKS
	ssl.protocol = TLSv1.2
	ssl.provider = null
	ssl.secure.random.implementation = null
	ssl.trustmanager.algorithm = PKIX
	ssl.truststore.location = null
	ssl.truststore.password = null
	ssl.truststore.type = JKS
	value.deserializer = class io.confluent.kafka.serializers.KafkaAvroDeserializer

2023-07-25 11:06:47 [main] INFO  i.c.k.s.KafkaAvroDeserializerConfig - KafkaAvroDeserializerConfig values: 
	bearer.auth.token = [hidden]
	proxy.port = -1
	schema.reflection = false
	auto.register.schemas = true
	max.schemas.per.subject = 1000
	basic.auth.credentials.source = URL
	specific.avro.reader = true
	value.subject.name.strategy = class io.confluent.kafka.serializers.subject.TopicNameStrategy
	schema.registry.url = [http://localhost:8081]
	basic.auth.user.info = [hidden]
	proxy.host = 
	use.latest.version = false
	schema.registry.basic.auth.user.info = [hidden]
	bearer.auth.credentials.source = STATIC_TOKEN
	key.subject.name.strategy = class io.confluent.kafka.serializers.subject.TopicNameStrategy

2023-07-25 11:06:47 [main] INFO  o.a.kafka.common.utils.AppInfoParser - Kafka version: 2.5.1
2023-07-25 11:06:47 [main] INFO  o.a.kafka.common.utils.AppInfoParser - Kafka commitId: 0efa8fb0f4c73d92
2023-07-25 11:06:47 [main] INFO  o.a.kafka.common.utils.AppInfoParser - Kafka startTimeMs: 1690308407348
2023-07-25 11:06:47 [main] INFO  o.a.k.clients.consumer.KafkaConsumer - [Consumer clientId=consumer-twitterTopicListener-1, groupId=twitterTopicListener] Subscribed to topic(s): twitter-topic
2023-07-25 11:06:47 [main] INFO  o.s.s.c.ThreadPoolTaskScheduler - Initializing ExecutorService
2023-07-25 11:06:47 [main] INFO  o.a.k.c.consumer.ConsumerConfig - ConsumerConfig values: 
	allow.auto.create.topics = true
	auto.commit.interval.ms = 5000
	auto.offset.reset = earliest
	bootstrap.servers = [localhost:19092, localhost:29092, localhost:39092]
	check.crcs = true
	client.dns.lookup = default
	client.id = 
	client.rack = 
	connections.max.idle.ms = 540000
	default.api.timeout.ms = 60000
	enable.auto.commit = false
	exclude.internal.topics = true
	fetch.max.bytes = 52428800
	fetch.max.wait.ms = 500
	fetch.min.bytes = 1
	group.id = twitterTopicListener
	group.instance.id = null
	heartbeat.interval.ms = 3000
	interceptor.classes = []
	internal.leave.group.on.close = true
	isolation.level = read_uncommitted
	key.deserializer = class org.apache.kafka.common.serialization.LongDeserializer
	max.partition.fetch.bytes = 1048576
	max.poll.interval.ms = 300000
	max.poll.records = 500
	metadata.max.age.ms = 300000
	metric.reporters = []
	metrics.num.samples = 2
	metrics.recording.level = INFO
	metrics.sample.window.ms = 30000
	partition.assignment.strategy = [class org.apache.kafka.clients.consumer.RangeAssignor]
	receive.buffer.bytes = 65536
	reconnect.backoff.max.ms = 1000
	reconnect.backoff.ms = 50
	request.timeout.ms = 30000
	retry.backoff.ms = 100
	sasl.client.callback.handler.class = null
	sasl.jaas.config = null
	sasl.kerberos.kinit.cmd = /usr/bin/kinit
	sasl.kerberos.min.time.before.relogin = 60000
	sasl.kerberos.service.name = null
	sasl.kerberos.ticket.renew.jitter = 0.05
	sasl.kerberos.ticket.renew.window.factor = 0.8
	sasl.login.callback.handler.class = null
	sasl.login.class = null
	sasl.login.refresh.buffer.seconds = 300
	sasl.login.refresh.min.period.seconds = 60
	sasl.login.refresh.window.factor = 0.8
	sasl.login.refresh.window.jitter = 0.05
	sasl.mechanism = GSSAPI
	security.protocol = PLAINTEXT
	security.providers = null
	send.buffer.bytes = 131072
	session.timeout.ms = 10000
	ssl.cipher.suites = null
	ssl.enabled.protocols = [TLSv1.2]
	ssl.endpoint.identification.algorithm = https
	ssl.key.password = null
	ssl.keymanager.algorithm = SunX509
	ssl.keystore.location = null
	ssl.keystore.password = null
	ssl.keystore.type = JKS
	ssl.protocol = TLSv1.2
	ssl.provider = null
	ssl.secure.random.implementation = null
	ssl.trustmanager.algorithm = PKIX
	ssl.truststore.location = null
	ssl.truststore.password = null
	ssl.truststore.type = JKS
	value.deserializer = class io.confluent.kafka.serializers.KafkaAvroDeserializer

2023-07-25 11:06:47 [main] INFO  i.c.k.s.KafkaAvroDeserializerConfig - KafkaAvroDeserializerConfig values: 
	bearer.auth.token = [hidden]
	proxy.port = -1
	schema.reflection = false
	auto.register.schemas = true
	max.schemas.per.subject = 1000
	basic.auth.credentials.source = URL
	specific.avro.reader = true
	value.subject.name.strategy = class io.confluent.kafka.serializers.subject.TopicNameStrategy
	schema.registry.url = [http://localhost:8081]
	basic.auth.user.info = [hidden]
	proxy.host = 
	use.latest.version = false
	schema.registry.basic.auth.user.info = [hidden]
	bearer.auth.credentials.source = STATIC_TOKEN
	key.subject.name.strategy = class io.confluent.kafka.serializers.subject.TopicNameStrategy

2023-07-25 11:06:47 [main] INFO  o.a.kafka.common.utils.AppInfoParser - Kafka version: 2.5.1
2023-07-25 11:06:47 [main] INFO  o.a.kafka.common.utils.AppInfoParser - Kafka commitId: 0efa8fb0f4c73d92
2023-07-25 11:06:47 [main] INFO  o.a.kafka.common.utils.AppInfoParser - Kafka startTimeMs: 1690308407380
2023-07-25 11:06:47 [main] INFO  o.a.k.clients.consumer.KafkaConsumer - [Consumer clientId=consumer-twitterTopicListener-2, groupId=twitterTopicListener] Subscribed to topic(s): twitter-topic
2023-07-25 11:06:47 [main] INFO  o.s.s.c.ThreadPoolTaskScheduler - Initializing ExecutorService
2023-07-25 11:06:47 [main] INFO  o.a.k.c.consumer.ConsumerConfig - ConsumerConfig values: 
	allow.auto.create.topics = true
	auto.commit.interval.ms = 5000
	auto.offset.reset = earliest
	bootstrap.servers = [localhost:19092, localhost:29092, localhost:39092]
	check.crcs = true
	client.dns.lookup = default
	client.id = 
	client.rack = 
	connections.max.idle.ms = 540000
	default.api.timeout.ms = 60000
	enable.auto.commit = false
	exclude.internal.topics = true
	fetch.max.bytes = 52428800
	fetch.max.wait.ms = 500
	fetch.min.bytes = 1
	group.id = twitterTopicListener
	group.instance.id = null
	heartbeat.interval.ms = 3000
	interceptor.classes = []
	internal.leave.group.on.close = true
	isolation.level = read_uncommitted
	key.deserializer = class org.apache.kafka.common.serialization.LongDeserializer
	max.partition.fetch.bytes = 1048576
	max.poll.interval.ms = 300000
	max.poll.records = 500
	metadata.max.age.ms = 300000
	metric.reporters = []
	metrics.num.samples = 2
	metrics.recording.level = INFO
	metrics.sample.window.ms = 30000
	partition.assignment.strategy = [class org.apache.kafka.clients.consumer.RangeAssignor]
	receive.buffer.bytes = 65536
	reconnect.backoff.max.ms = 1000
	reconnect.backoff.ms = 50
	request.timeout.ms = 30000
	retry.backoff.ms = 100
	sasl.client.callback.handler.class = null
	sasl.jaas.config = null
	sasl.kerberos.kinit.cmd = /usr/bin/kinit
	sasl.kerberos.min.time.before.relogin = 60000
	sasl.kerberos.service.name = null
	sasl.kerberos.ticket.renew.jitter = 0.05
	sasl.kerberos.ticket.renew.window.factor = 0.8
	sasl.login.callback.handler.class = null
	sasl.login.class = null
	sasl.login.refresh.buffer.seconds = 300
	sasl.login.refresh.min.period.seconds = 60
	sasl.login.refresh.window.factor = 0.8
	sasl.login.refresh.window.jitter = 0.05
	sasl.mechanism = GSSAPI
	security.protocol = PLAINTEXT
	security.providers = null
	send.buffer.bytes = 131072
	session.timeout.ms = 10000
	ssl.cipher.suites = null
	ssl.enabled.protocols = [TLSv1.2]
	ssl.endpoint.identification.algorithm = https
	ssl.key.password = null
	ssl.keymanager.algorithm = SunX509
	ssl.keystore.location = null
	ssl.keystore.password = null
	ssl.keystore.type = JKS
	ssl.protocol = TLSv1.2
	ssl.provider = null
	ssl.secure.random.implementation = null
	ssl.trustmanager.algorithm = PKIX
	ssl.truststore.location = null
	ssl.truststore.password = null
	ssl.truststore.type = JKS
	value.deserializer = class io.confluent.kafka.serializers.KafkaAvroDeserializer

2023-07-25 11:06:47 [main] INFO  i.c.k.s.KafkaAvroDeserializerConfig - KafkaAvroDeserializerConfig values: 
	bearer.auth.token = [hidden]
	proxy.port = -1
	schema.reflection = false
	auto.register.schemas = true
	max.schemas.per.subject = 1000
	basic.auth.credentials.source = URL
	specific.avro.reader = true
	value.subject.name.strategy = class io.confluent.kafka.serializers.subject.TopicNameStrategy
	schema.registry.url = [http://localhost:8081]
	basic.auth.user.info = [hidden]
	proxy.host = 
	use.latest.version = false
	schema.registry.basic.auth.user.info = [hidden]
	bearer.auth.credentials.source = STATIC_TOKEN
	key.subject.name.strategy = class io.confluent.kafka.serializers.subject.TopicNameStrategy

2023-07-25 11:06:47 [main] INFO  o.a.kafka.common.utils.AppInfoParser - Kafka version: 2.5.1
2023-07-25 11:06:47 [main] INFO  o.a.kafka.common.utils.AppInfoParser - Kafka commitId: 0efa8fb0f4c73d92
2023-07-25 11:06:47 [main] INFO  o.a.kafka.common.utils.AppInfoParser - Kafka startTimeMs: 1690308407394
2023-07-25 11:06:47 [main] INFO  o.a.k.clients.consumer.KafkaConsumer - [Consumer clientId=consumer-twitterTopicListener-3, groupId=twitterTopicListener] Subscribed to topic(s): twitter-topic
2023-07-25 11:06:47 [main] INFO  o.s.s.c.ThreadPoolTaskScheduler - Initializing ExecutorService
2023-07-25 11:06:47 [twitterTopicListener-1-C-1] INFO  org.apache.kafka.clients.Metadata - [Consumer clientId=consumer-twitterTopicListener-2, groupId=twitterTopicListener] Cluster ID: _D6kLtgMTVmW213tfrovsQ
2023-07-25 11:06:47 [twitterTopicListener-2-C-1] INFO  org.apache.kafka.clients.Metadata - [Consumer clientId=consumer-twitterTopicListener-3, groupId=twitterTopicListener] Cluster ID: _D6kLtgMTVmW213tfrovsQ
2023-07-25 11:06:47 [twitterTopicListener-0-C-1] INFO  org.apache.kafka.clients.Metadata - [Consumer clientId=consumer-twitterTopicListener-1, groupId=twitterTopicListener] Cluster ID: _D6kLtgMTVmW213tfrovsQ
2023-07-25 11:06:47 [main] INFO  o.s.b.w.e.netty.NettyWebServer - Netty started on port(s): 8182
2023-07-25 11:06:47 [main] INFO  c.m.d.k.t.e.s.KafkaToElasticServiceApplication - Started KafkaToElasticServiceApplication in 10.753 seconds (JVM running for 12.333)
2023-07-25 11:06:47 [main] INFO  c.m.d.k.a.client.KafkaAdminClient - Reading Kafka topic [twitter-topic], attmpt 0
2023-07-25 11:06:47 [main] INFO  c.m.d.k.t.e.s.c.i.TwitterKafkaConsumer - Topic with name twitter-topic is ready for operations
2023-07-25 11:06:56 [twitterTopicListener-1-C-1] INFO  o.a.k.c.c.i.AbstractCoordinator - [Consumer clientId=consumer-twitterTopicListener-2, groupId=twitterTopicListener] Discovered group coordinator localhost:29092 (id: 2147483645 rack: null)
2023-07-25 11:06:56 [twitterTopicListener-1-C-1] INFO  o.a.k.c.c.i.AbstractCoordinator - [Consumer clientId=consumer-twitterTopicListener-2, groupId=twitterTopicListener] (Re-)joining group
2023-07-25 11:07:02 [twitterTopicListener-0-C-1] INFO  o.a.k.c.c.i.AbstractCoordinator - [Consumer clientId=consumer-twitterTopicListener-1, groupId=twitterTopicListener] Discovered group coordinator localhost:29092 (id: 2147483645 rack: null)
2023-07-25 11:07:02 [twitterTopicListener-2-C-1] INFO  o.a.k.c.c.i.AbstractCoordinator - [Consumer clientId=consumer-twitterTopicListener-3, groupId=twitterTopicListener] Discovered group coordinator localhost:29092 (id: 2147483645 rack: null)
2023-07-25 11:07:02 [twitterTopicListener-2-C-1] INFO  o.a.k.c.c.i.AbstractCoordinator - [Consumer clientId=consumer-twitterTopicListener-3, groupId=twitterTopicListener] (Re-)joining group
2023-07-25 11:07:02 [twitterTopicListener-0-C-1] INFO  o.a.k.c.c.i.AbstractCoordinator - [Consumer clientId=consumer-twitterTopicListener-1, groupId=twitterTopicListener] (Re-)joining group
2023-07-25 11:07:02 [twitterTopicListener-1-C-1] INFO  o.a.k.c.c.i.ConsumerCoordinator - [Consumer clientId=consumer-twitterTopicListener-2, groupId=twitterTopicListener] Finished assignment for group at generation 1: {consumer-twitterTopicListener-2-e6223acb-a169-4626-9916-06c4595cc69b=Assignment(partitions=[twitter-topic-0, twitter-topic-1, twitter-topic-2])}
2023-07-25 11:07:02 [twitterTopicListener-1-C-1] INFO  o.a.k.c.c.i.AbstractCoordinator - [Consumer clientId=consumer-twitterTopicListener-2, groupId=twitterTopicListener] Join group failed with org.apache.kafka.common.errors.RebalanceInProgressException: The group is rebalancing, so a rejoin is needed.
2023-07-25 11:07:02 [twitterTopicListener-1-C-1] INFO  o.a.k.c.c.i.AbstractCoordinator - [Consumer clientId=consumer-twitterTopicListener-2, groupId=twitterTopicListener] (Re-)joining group
2023-07-25 11:07:02 [twitterTopicListener-1-C-1] INFO  o.a.k.c.c.i.ConsumerCoordinator - [Consumer clientId=consumer-twitterTopicListener-2, groupId=twitterTopicListener] Finished assignment for group at generation 2: {consumer-twitterTopicListener-3-aa77e84a-370b-4de8-8be2-7a561522afa8=Assignment(partitions=[twitter-topic-2]), consumer-twitterTopicListener-2-e6223acb-a169-4626-9916-06c4595cc69b=Assignment(partitions=[twitter-topic-1]), consumer-twitterTopicListener-1-78883263-8639-4061-bf71-0823ed30b4c7=Assignment(partitions=[twitter-topic-0])}
2023-07-25 11:07:03 [twitterTopicListener-2-C-1] INFO  o.a.k.c.c.i.AbstractCoordinator - [Consumer clientId=consumer-twitterTopicListener-3, groupId=twitterTopicListener] Successfully joined group with generation 2
2023-07-25 11:07:03 [twitterTopicListener-0-C-1] INFO  o.a.k.c.c.i.AbstractCoordinator - [Consumer clientId=consumer-twitterTopicListener-1, groupId=twitterTopicListener] Successfully joined group with generation 2
2023-07-25 11:07:03 [twitterTopicListener-1-C-1] INFO  o.a.k.c.c.i.AbstractCoordinator - [Consumer clientId=consumer-twitterTopicListener-2, groupId=twitterTopicListener] Successfully joined group with generation 2
2023-07-25 11:07:03 [twitterTopicListener-2-C-1] INFO  o.a.k.c.c.i.ConsumerCoordinator - [Consumer clientId=consumer-twitterTopicListener-3, groupId=twitterTopicListener] Adding newly assigned partitions: twitter-topic-2
2023-07-25 11:07:03 [twitterTopicListener-1-C-1] INFO  o.a.k.c.c.i.ConsumerCoordinator - [Consumer clientId=consumer-twitterTopicListener-2, groupId=twitterTopicListener] Adding newly assigned partitions: twitter-topic-1
2023-07-25 11:07:03 [twitterTopicListener-0-C-1] INFO  o.a.k.c.c.i.ConsumerCoordinator - [Consumer clientId=consumer-twitterTopicListener-1, groupId=twitterTopicListener] Adding newly assigned partitions: twitter-topic-0
2023-07-25 11:07:03 [twitterTopicListener-0-C-1] INFO  o.a.k.c.c.i.ConsumerCoordinator - [Consumer clientId=consumer-twitterTopicListener-1, groupId=twitterTopicListener] Found no committed offset for partition twitter-topic-0
2023-07-25 11:07:03 [twitterTopicListener-1-C-1] INFO  o.a.k.c.c.i.ConsumerCoordinator - [Consumer clientId=consumer-twitterTopicListener-2, groupId=twitterTopicListener] Found no committed offset for partition twitter-topic-1
2023-07-25 11:07:03 [twitterTopicListener-2-C-1] INFO  o.a.k.c.c.i.ConsumerCoordinator - [Consumer clientId=consumer-twitterTopicListener-3, groupId=twitterTopicListener] Found no committed offset for partition twitter-topic-2
2023-07-25 11:07:03 [twitterTopicListener-1-C-1] INFO  o.a.k.c.c.i.SubscriptionState - [Consumer clientId=consumer-twitterTopicListener-2, groupId=twitterTopicListener] Resetting offset for partition twitter-topic-1 to offset 0.
2023-07-25 11:07:03 [twitterTopicListener-1-C-1] INFO  o.s.k.l.KafkaMessageListenerContainer - twitterTopicListener: partitions assigned: [twitter-topic-1]
2023-07-25 11:07:03 [twitterTopicListener-2-C-1] INFO  o.a.k.c.c.i.SubscriptionState - [Consumer clientId=consumer-twitterTopicListener-3, groupId=twitterTopicListener] Resetting offset for partition twitter-topic-2 to offset 0.
2023-07-25 11:07:03 [twitterTopicListener-2-C-1] INFO  o.s.k.l.KafkaMessageListenerContainer - twitterTopicListener: partitions assigned: [twitter-topic-2]
2023-07-25 11:07:03 [twitterTopicListener-0-C-1] INFO  o.a.k.c.c.i.SubscriptionState - [Consumer clientId=consumer-twitterTopicListener-1, groupId=twitterTopicListener] Resetting offset for partition twitter-topic-0 to offset 0.
2023-07-25 11:07:03 [twitterTopicListener-0-C-1] INFO  o.s.k.l.KafkaMessageListenerContainer - twitterTopicListener: partitions assigned: [twitter-topic-0]
2023-07-25 11:07:05 [twitterTopicListener-2-C-1] INFO  c.m.d.k.t.e.s.c.i.TwitterKafkaConsumer - 2 number of message received with keys [8141736483092094321, 5220640614180594730], partitions [2, 2] and offsets [0, 1], sending it to elastic: Thread id 26
2023-07-25 11:07:05 [twitterTopicListener-1-C-1] INFO  c.m.d.k.t.e.s.c.i.TwitterKafkaConsumer - 4 number of message received with keys [1973082067094804013, 3134519467327365634, 4912196603695085194, 9140123104769022296], partitions [1, 1, 1, 1] and offsets [0, 1, 2, 3], sending it to elastic: Thread id 24
2023-07-25 11:07:05 [twitterTopicListener-1-C-1] INFO  c.m.d.k.t.e.s.c.i.TwitterKafkaConsumer - 1 number of message received with keys [5598465837129707210], partitions [1] and offsets [4], sending it to elastic: Thread id 24
2023-07-25 11:07:11 [twitterTopicListener-1-C-1] WARN  o.a.k.c.c.i.ConsumerCoordinator - [Consumer clientId=consumer-twitterTopicListener-2, groupId=twitterTopicListener] Offset commit failed on partition twitter-topic-1 at offset 5: The request timed out.
2023-07-25 11:07:11 [twitterTopicListener-1-C-1] INFO  o.a.k.c.c.i.AbstractCoordinator - [Consumer clientId=consumer-twitterTopicListener-2, groupId=twitterTopicListener] Group coordinator localhost:29092 (id: 2147483645 rack: null) is unavailable or invalid, will attempt rediscovery
2023-07-25 11:07:11 [twitterTopicListener-1-C-1] INFO  o.a.k.c.c.i.AbstractCoordinator - [Consumer clientId=consumer-twitterTopicListener-2, groupId=twitterTopicListener] Discovered group coordinator localhost:29092 (id: 2147483645 rack: null)
2023-07-25 11:07:11 [twitterTopicListener-1-C-1] INFO  o.a.k.c.c.i.AbstractCoordinator - [Consumer clientId=consumer-twitterTopicListener-2, groupId=twitterTopicListener] Group coordinator localhost:29092 (id: 2147483645 rack: null) is unavailable or invalid, will attempt rediscovery
2023-07-25 11:07:11 [twitterTopicListener-1-C-1] INFO  o.a.k.c.c.i.AbstractCoordinator - [Consumer clientId=consumer-twitterTopicListener-2, groupId=twitterTopicListener] Discovered group coordinator localhost:29092 (id: 2147483645 rack: null)
2023-07-25 11:07:15 [twitterTopicListener-2-C-1] INFO  c.m.d.k.t.e.s.c.i.TwitterKafkaConsumer - 1 number of message received with keys [3029929565350401264], partitions [2] and offsets [2], sending it to elastic: Thread id 26
2023-07-25 11:07:16 [twitterTopicListener-0-C-1] INFO  o.a.k.c.c.i.ConsumerCoordinator - [Consumer clientId=consumer-twitterTopicListener-1, groupId=twitterTopicListener] Revoke previously assigned partitions twitter-topic-0
2023-07-25 11:07:16 [twitterTopicListener-1-C-1] INFO  o.a.k.c.c.i.ConsumerCoordinator - [Consumer clientId=consumer-twitterTopicListener-2, groupId=twitterTopicListener] Revoke previously assigned partitions twitter-topic-1
2023-07-25 11:07:16 [twitterTopicListener-2-C-1] INFO  o.a.k.c.c.i.ConsumerCoordinator - [Consumer clientId=consumer-twitterTopicListener-3, groupId=twitterTopicListener] Revoke previously assigned partitions twitter-topic-2
2023-07-25 11:07:16 [twitterTopicListener-2-C-1] INFO  o.s.k.l.KafkaMessageListenerContainer - twitterTopicListener: partitions revoked: [twitter-topic-2]
2023-07-25 11:07:16 [twitterTopicListener-1-C-1] INFO  o.s.k.l.KafkaMessageListenerContainer - twitterTopicListener: partitions revoked: [twitter-topic-1]
2023-07-25 11:07:16 [twitterTopicListener-0-C-1] INFO  o.s.k.l.KafkaMessageListenerContainer - twitterTopicListener: partitions revoked: [twitter-topic-0]
2023-07-25 11:07:16 [twitterTopicListener-2-C-1] INFO  o.a.k.c.c.i.AbstractCoordinator - [Consumer clientId=consumer-twitterTopicListener-3, groupId=twitterTopicListener] Member consumer-twitterTopicListener-3-aa77e84a-370b-4de8-8be2-7a561522afa8 sending LeaveGroup request to coordinator localhost:29092 (id: 2147483645 rack: null) due to the consumer unsubscribed from all topics
2023-07-25 11:07:16 [twitterTopicListener-0-C-1] INFO  o.a.k.c.c.i.AbstractCoordinator - [Consumer clientId=consumer-twitterTopicListener-1, groupId=twitterTopicListener] Member consumer-twitterTopicListener-1-78883263-8639-4061-bf71-0823ed30b4c7 sending LeaveGroup request to coordinator localhost:29092 (id: 2147483645 rack: null) due to the consumer unsubscribed from all topics
2023-07-25 11:07:16 [twitterTopicListener-1-C-1] INFO  o.a.k.c.c.i.AbstractCoordinator - [Consumer clientId=consumer-twitterTopicListener-2, groupId=twitterTopicListener] Member consumer-twitterTopicListener-2-e6223acb-a169-4626-9916-06c4595cc69b sending LeaveGroup request to coordinator localhost:29092 (id: 2147483645 rack: null) due to the consumer unsubscribed from all topics
2023-07-25 11:07:16 [twitterTopicListener-2-C-1] INFO  o.a.k.clients.consumer.KafkaConsumer - [Consumer clientId=consumer-twitterTopicListener-3, groupId=twitterTopicListener] Unsubscribed all topics or patterns and assigned partitions
2023-07-25 11:07:16 [twitterTopicListener-0-C-1] INFO  o.a.k.clients.consumer.KafkaConsumer - [Consumer clientId=consumer-twitterTopicListener-1, groupId=twitterTopicListener] Unsubscribed all topics or patterns and assigned partitions
2023-07-25 11:07:16 [twitterTopicListener-1-C-1] INFO  o.a.k.clients.consumer.KafkaConsumer - [Consumer clientId=consumer-twitterTopicListener-2, groupId=twitterTopicListener] Unsubscribed all topics or patterns and assigned partitions
2023-07-25 11:07:16 [twitterTopicListener-1-C-1] INFO  o.s.s.c.ThreadPoolTaskScheduler - Shutting down ExecutorService
2023-07-25 11:07:16 [twitterTopicListener-0-C-1] INFO  o.s.s.c.ThreadPoolTaskScheduler - Shutting down ExecutorService
2023-07-25 11:07:16 [twitterTopicListener-2-C-1] INFO  o.s.s.c.ThreadPoolTaskScheduler - Shutting down ExecutorService
2023-07-25 11:07:16 [twitterTopicListener-0-C-1] INFO  o.s.k.l.KafkaMessageListenerContainer$ListenerConsumer - twitterTopicListener: Consumer stopped
2023-07-25 11:07:16 [twitterTopicListener-1-C-1] INFO  o.s.k.l.KafkaMessageListenerContainer$ListenerConsumer - twitterTopicListener: Consumer stopped
2023-07-25 11:07:16 [twitterTopicListener-2-C-1] INFO  o.s.k.l.KafkaMessageListenerContainer$ListenerConsumer - twitterTopicListener: Consumer stopped
