2023-07-23 05:05:22 [background-preinit] INFO  o.h.validator.internal.util.Version - HV000001: Hibernate Validator 6.1.5.Final
2023-07-23 05:05:39 [main] INFO  c.m.demo.config.server.ConfigServer - No active profile set, falling back to default profiles: default
2023-07-23 05:05:59 [main] INFO  o.s.cloud.context.scope.GenericScope - BeanFactory id=2a519873-3bf9-3410-9240-bed5bf7485b8
2023-07-23 05:06:02 [main] INFO  o.s.b.w.e.tomcat.TomcatWebServer - Tomcat initialized with port(s): 8888 (http)
2023-07-23 05:06:03 [main] INFO  o.a.coyote.http11.Http11NioProtocol - Initializing ProtocolHandler ["http-nio-8888"]
2023-07-23 05:06:03 [main] INFO  o.a.catalina.core.StandardService - Starting service [Tomcat]
2023-07-23 05:06:03 [main] INFO  o.a.catalina.core.StandardEngine - Starting Servlet engine: [Apache Tomcat/9.0.38]
2023-07-23 05:06:03 [main] INFO  o.a.c.c.C.[Tomcat].[localhost].[/] - Initializing Spring embedded WebApplicationContext
2023-07-23 05:06:03 [main] INFO  o.s.b.w.s.c.ServletWebServerApplicationContext - Root WebApplicationContext: initialization completed in 24405 ms
2023-07-23 05:06:09 [main] INFO  o.s.s.c.ThreadPoolTaskExecutor - Initializing ExecutorService 'applicationTaskExecutor'
2023-07-23 05:06:22 [main] INFO  o.s.s.web.DefaultSecurityFilterChain - Creating filter chain: Ant [pattern='/actuator/**'], []
2023-07-23 05:06:22 [main] INFO  o.s.s.web.DefaultSecurityFilterChain - Creating filter chain: Ant [pattern='/encrypt/**'], []
2023-07-23 05:06:22 [main] INFO  o.s.s.web.DefaultSecurityFilterChain - Creating filter chain: Ant [pattern='/decrypt/**'], []
2023-07-23 05:06:22 [main] INFO  o.s.s.web.DefaultSecurityFilterChain - Creating filter chain: any request, [org.springframework.security.web.context.request.async.WebAsyncManagerIntegrationFilter@31e22365, org.springframework.security.web.context.SecurityContextPersistenceFilter@34695b23, org.springframework.security.web.header.HeaderWriterFilter@24e1e90a, org.springframework.security.web.csrf.CsrfFilter@484302ee, org.springframework.security.web.authentication.logout.LogoutFilter@7e691624, org.springframework.security.web.authentication.UsernamePasswordAuthenticationFilter@2bc59ab7, org.springframework.security.web.authentication.ui.DefaultLoginPageGeneratingFilter@3dad535f, org.springframework.security.web.authentication.ui.DefaultLogoutPageGeneratingFilter@2ebf524, org.springframework.security.web.authentication.www.BasicAuthenticationFilter@b267745, org.springframework.security.web.savedrequest.RequestCacheAwareFilter@6774f264, org.springframework.security.web.servletapi.SecurityContextHolderAwareRequestFilter@5cd71ee2, org.springframework.security.web.authentication.AnonymousAuthenticationFilter@41bdaa81, org.springframework.security.web.session.SessionManagementFilter@18b3db6e, org.springframework.security.web.access.ExceptionTranslationFilter@300aa927, org.springframework.security.web.access.intercept.FilterSecurityInterceptor@3c2dda7c]
2023-07-23 05:06:23 [main] INFO  o.s.b.a.e.web.EndpointLinksResolver - Exposing 2 endpoint(s) beneath base path '/actuator'
2023-07-23 05:06:25 [main] INFO  o.a.coyote.http11.Http11NioProtocol - Starting ProtocolHandler ["http-nio-8888"]
2023-07-23 05:06:26 [main] INFO  o.s.b.w.e.tomcat.TomcatWebServer - Tomcat started on port(s): 8888 (http) with context path ''
2023-07-23 05:06:27 [main] INFO  c.m.demo.config.server.ConfigServer - Started ConfigServer in 78.837 seconds (JVM running for 90.497)
2023-07-23 05:06:28 [http-nio-8888-exec-1] INFO  o.a.c.c.C.[Tomcat].[localhost].[/] - Initializing Spring DispatcherServlet 'dispatcherServlet'
2023-07-23 05:06:28 [http-nio-8888-exec-1] INFO  o.s.web.servlet.DispatcherServlet - Initializing Servlet 'dispatcherServlet'
2023-07-23 05:06:29 [http-nio-8888-exec-1] INFO  o.s.web.servlet.DispatcherServlet - Completed initialization in 592 ms
2023-07-23 05:09:19 [http-nio-8888-exec-10] WARN  o.s.w.s.m.s.DefaultHandlerExceptionResolver - Resolved [org.springframework.web.HttpRequestMethodNotSupportedException: Request method 'GET' not supported]
2023-07-23 05:09:29 [http-nio-8888-exec-5] WARN  o.s.w.s.m.s.DefaultHandlerExceptionResolver - Resolved [org.springframework.web.HttpRequestMethodNotSupportedException: Request method 'GET' not supported]
2023-07-23 05:09:43 [http-nio-8888-exec-1] WARN  o.s.w.s.m.s.DefaultHandlerExceptionResolver - Resolved [org.springframework.web.HttpRequestMethodNotSupportedException: Request method 'GET' not supported]
2023-07-23 05:18:11 [http-nio-8888-exec-7] WARN  o.s.w.s.m.s.DefaultHandlerExceptionResolver - Resolved [org.springframework.web.HttpRequestMethodNotSupportedException: Request method 'POST' not supported]
2023-07-23 05:18:15 [http-nio-8888-exec-9] WARN  o.s.w.s.m.s.DefaultHandlerExceptionResolver - Resolved [org.springframework.web.HttpRequestMethodNotSupportedException: Request method 'PUT' not supported]
2023-07-23 05:18:18 [http-nio-8888-exec-1] WARN  o.s.w.s.m.s.DefaultHandlerExceptionResolver - Resolved [org.springframework.web.HttpRequestMethodNotSupportedException: Request method 'PATCH' not supported]
2023-07-23 05:18:57 [SpringContextShutdownHook] INFO  o.s.s.c.ThreadPoolTaskExecutor - Shutting down ExecutorService 'applicationTaskExecutor'
2023-07-23 05:24:16 [background-preinit] INFO  o.h.validator.internal.util.Version - HV000001: Hibernate Validator 6.1.5.Final
2023-07-23 05:24:28 [main] INFO  c.m.demo.config.server.ConfigServer - No active profile set, falling back to default profiles: default
2023-07-23 05:24:38 [main] INFO  o.s.cloud.context.scope.GenericScope - BeanFactory id=2a519873-3bf9-3410-9240-bed5bf7485b8
2023-07-23 05:24:42 [main] INFO  o.s.b.w.e.tomcat.TomcatWebServer - Tomcat initialized with port(s): 8888 (http)
2023-07-23 05:24:42 [main] INFO  o.a.coyote.http11.Http11NioProtocol - Initializing ProtocolHandler ["http-nio-8888"]
2023-07-23 05:24:42 [main] INFO  o.a.catalina.core.StandardService - Starting service [Tomcat]
2023-07-23 05:24:42 [main] INFO  o.a.catalina.core.StandardEngine - Starting Servlet engine: [Apache Tomcat/9.0.38]
2023-07-23 05:24:43 [main] INFO  o.a.c.c.C.[Tomcat].[localhost].[/] - Initializing Spring embedded WebApplicationContext
2023-07-23 05:24:43 [main] INFO  o.s.b.w.s.c.ServletWebServerApplicationContext - Root WebApplicationContext: initialization completed in 15087 ms
2023-07-23 05:24:49 [main] INFO  o.s.s.c.ThreadPoolTaskExecutor - Initializing ExecutorService 'applicationTaskExecutor'
2023-07-23 05:25:05 [main] INFO  o.s.s.web.DefaultSecurityFilterChain - Creating filter chain: Ant [pattern='/actuator/**'], []
2023-07-23 05:25:05 [main] INFO  o.s.s.web.DefaultSecurityFilterChain - Creating filter chain: Ant [pattern='/encrypt/**'], []
2023-07-23 05:25:05 [main] INFO  o.s.s.web.DefaultSecurityFilterChain - Creating filter chain: Ant [pattern='/decrypt/**'], []
2023-07-23 05:25:05 [main] INFO  o.s.s.web.DefaultSecurityFilterChain - Creating filter chain: any request, [org.springframework.security.web.context.request.async.WebAsyncManagerIntegrationFilter@2bc59ab7, org.springframework.security.web.context.SecurityContextPersistenceFilter@396f2724, org.springframework.security.web.header.HeaderWriterFilter@2b41b8bb, org.springframework.security.web.csrf.CsrfFilter@75959b0c, org.springframework.security.web.authentication.logout.LogoutFilter@6a9df5, org.springframework.security.web.authentication.UsernamePasswordAuthenticationFilter@cfacf0, org.springframework.security.web.authentication.ui.DefaultLoginPageGeneratingFilter@34695b23, org.springframework.security.web.authentication.ui.DefaultLogoutPageGeneratingFilter@410f53b2, org.springframework.security.web.authentication.www.BasicAuthenticationFilter@60e67c06, org.springframework.security.web.savedrequest.RequestCacheAwareFilter@28b2e4d8, org.springframework.security.web.servletapi.SecurityContextHolderAwareRequestFilter@1feb586d, org.springframework.security.web.authentication.AnonymousAuthenticationFilter@265287ec, org.springframework.security.web.session.SessionManagementFilter@7538cfe6, org.springframework.security.web.access.ExceptionTranslationFilter@5a1c7619, org.springframework.security.web.access.intercept.FilterSecurityInterceptor@6487f7f8]
2023-07-23 05:25:06 [main] INFO  o.s.b.a.e.web.EndpointLinksResolver - Exposing 2 endpoint(s) beneath base path '/actuator'
2023-07-23 05:25:06 [main] INFO  o.a.coyote.http11.Http11NioProtocol - Starting ProtocolHandler ["http-nio-8888"]
2023-07-23 05:25:06 [main] INFO  o.s.b.w.e.tomcat.TomcatWebServer - Tomcat started on port(s): 8888 (http) with context path ''
2023-07-23 05:25:06 [main] INFO  c.m.demo.config.server.ConfigServer - Started ConfigServer in 55.881 seconds (JVM running for 67.085)
2023-07-23 05:25:08 [http-nio-8888-exec-1] INFO  o.a.c.c.C.[Tomcat].[localhost].[/] - Initializing Spring DispatcherServlet 'dispatcherServlet'
2023-07-23 05:25:08 [http-nio-8888-exec-1] INFO  o.s.web.servlet.DispatcherServlet - Initializing Servlet 'dispatcherServlet'
2023-07-23 05:25:08 [http-nio-8888-exec-1] INFO  o.s.web.servlet.DispatcherServlet - Completed initialization in 11 ms
2023-07-23 05:26:00 [SpringContextShutdownHook] INFO  o.s.s.c.ThreadPoolTaskExecutor - Shutting down ExecutorService 'applicationTaskExecutor'
2023-07-23 05:38:19 [background-preinit] INFO  o.h.validator.internal.util.Version - HV000001: Hibernate Validator 6.1.5.Final
2023-07-23 05:38:32 [main] INFO  c.m.demo.config.server.ConfigServer - No active profile set, falling back to default profiles: default
2023-07-23 05:38:42 [main] INFO  o.s.cloud.context.scope.GenericScope - BeanFactory id=2a519873-3bf9-3410-9240-bed5bf7485b8
2023-07-23 05:38:47 [main] INFO  o.s.b.w.e.tomcat.TomcatWebServer - Tomcat initialized with port(s): 8888 (http)
2023-07-23 05:38:47 [main] INFO  o.a.coyote.http11.Http11NioProtocol - Initializing ProtocolHandler ["http-nio-8888"]
2023-07-23 05:38:47 [main] INFO  o.a.catalina.core.StandardService - Starting service [Tomcat]
2023-07-23 05:38:47 [main] INFO  o.a.catalina.core.StandardEngine - Starting Servlet engine: [Apache Tomcat/9.0.38]
2023-07-23 05:38:49 [main] INFO  o.a.c.c.C.[Tomcat].[localhost].[/] - Initializing Spring embedded WebApplicationContext
2023-07-23 05:38:49 [main] INFO  o.s.b.w.s.c.ServletWebServerApplicationContext - Root WebApplicationContext: initialization completed in 17199 ms
2023-07-23 05:38:55 [main] INFO  o.s.s.c.ThreadPoolTaskExecutor - Initializing ExecutorService 'applicationTaskExecutor'
2023-07-23 05:39:19 [main] INFO  o.s.s.web.DefaultSecurityFilterChain - Creating filter chain: Ant [pattern='/actuator/**'], []
2023-07-23 05:39:19 [main] INFO  o.s.s.web.DefaultSecurityFilterChain - Creating filter chain: Ant [pattern='/encrypt/**'], []
2023-07-23 05:39:19 [main] INFO  o.s.s.web.DefaultSecurityFilterChain - Creating filter chain: Ant [pattern='/decrypt/**'], []
2023-07-23 05:39:19 [main] INFO  o.s.s.web.DefaultSecurityFilterChain - Creating filter chain: any request, [org.springframework.security.web.context.request.async.WebAsyncManagerIntegrationFilter@265287ec, org.springframework.security.web.context.SecurityContextPersistenceFilter@28b2e4d8, org.springframework.security.web.header.HeaderWriterFilter@7538cfe6, org.springframework.security.web.csrf.CsrfFilter@7ebc5be6, org.springframework.security.web.authentication.logout.LogoutFilter@65d23aa3, org.springframework.security.web.authentication.UsernamePasswordAuthenticationFilter@45f241df, org.springframework.security.web.authentication.ui.DefaultLoginPageGeneratingFilter@6774f264, org.springframework.security.web.authentication.ui.DefaultLogoutPageGeneratingFilter@7507d96c, org.springframework.security.web.authentication.www.BasicAuthenticationFilter@410f53b2, org.springframework.security.web.savedrequest.RequestCacheAwareFilter@199806aa, org.springframework.security.web.servletapi.SecurityContextHolderAwareRequestFilter@611a2d82, org.springframework.security.web.authentication.AnonymousAuthenticationFilter@7210f559, org.springframework.security.web.session.SessionManagementFilter@396f2724, org.springframework.security.web.access.ExceptionTranslationFilter@2b41b8bb, org.springframework.security.web.access.intercept.FilterSecurityInterceptor@4990b335]
2023-07-23 05:39:20 [main] INFO  o.s.b.a.e.web.EndpointLinksResolver - Exposing 2 endpoint(s) beneath base path '/actuator'
2023-07-23 05:39:20 [main] INFO  o.a.coyote.http11.Http11NioProtocol - Starting ProtocolHandler ["http-nio-8888"]
2023-07-23 05:39:20 [main] INFO  o.s.b.w.e.tomcat.TomcatWebServer - Tomcat started on port(s): 8888 (http) with context path ''
2023-07-23 05:39:20 [main] INFO  c.m.demo.config.server.ConfigServer - Started ConfigServer in 68.463 seconds (JVM running for 86.036)
2023-07-23 05:39:21 [http-nio-8888-exec-2] INFO  o.a.c.c.C.[Tomcat].[localhost].[/] - Initializing Spring DispatcherServlet 'dispatcherServlet'
2023-07-23 05:39:21 [http-nio-8888-exec-2] INFO  o.s.web.servlet.DispatcherServlet - Initializing Servlet 'dispatcherServlet'
2023-07-23 05:39:21 [http-nio-8888-exec-2] INFO  o.s.web.servlet.DispatcherServlet - Completed initialization in 40 ms
2023-07-23 05:39:35 [http-nio-8888-exec-3] INFO  o.s.c.c.s.e.NativeEnvironmentRepository - Adding property source: file:/tmp/config-repo-5779083065405015972/config-client-twitter_to_kafka.yml
2023-07-23 05:39:35 [http-nio-8888-exec-3] INFO  o.s.c.c.s.e.NativeEnvironmentRepository - Adding property source: file:/tmp/config-repo-5779083065405015972/config-client.yml
